This is pdfTeX, Version 3.1415926-2.5-1.40.14 (TeX Live 2013) (format=pdflatex 2014.6.15)  18 MAY 2015 13:05
entering extended mode
 restricted \write18 enabled.
 file:line:error style messages enabled.
 %&-line parsing enabled.
**Rodrigo_Buhler_Dissertacao_v6.00.tex
(./Rodrigo_Buhler_Dissertacao_v6.00.tex
LaTeX2e <2011/06/27>
Babel <3.9k> and hyphenation patterns for 78 languages loaded.
(./UNISINOSmonografia.cls
Document Class: UNISINOSmonografia 2011/06/23 v0.1 Monografias da UNISINOS
(/usr/local/texlive/2013/texmf-dist/tex/latex/base/report.cls
Document Class: report 2007/10/19 v1.4h Standard LaTeX document class
(/usr/local/texlive/2013/texmf-dist/tex/latex/base/size12.clo
File: size12.clo 2007/10/19 v1.4h Standard LaTeX file (size option)
)
\c@part=\count79
\c@chapter=\count80
\c@section=\count81
\c@subsection=\count82
\c@subsubsection=\count83
\c@paragraph=\count84
\c@subparagraph=\count85
\c@figure=\count86
\c@table=\count87
\abovecaptionskip=\skip41
\belowcaptionskip=\skip42
\bibindent=\dimen102
)
(/usr/local/texlive/2013/texmf-dist/tex/generic/babel/babel.sty
Package: babel 2014/03/24 3.9k The Babel package

(/usr/local/texlive/2013/texmf-dist/tex/generic/babel-english/english.ldf
Language: english 2012/08/20 v3.3p English support from the babel system

(/usr/local/texlive/2013/texmf-dist/tex/generic/babel/babel.def
File: babel.def 2014/03/24 3.9k Babel common definitions
\babel@savecnt=\count88
\U@D=\dimen103
)
\l@canadian = a dialect from \language\l@american 
\l@australian = a dialect from \language\l@british 
\l@newzealand = a dialect from \language\l@british 
)
(/usr/local/texlive/2013/texmf-dist/tex/generic/babel-portuges/portuges.ldf
Language: portuges 2008/03/18 v1.2q Portuguese support from the babel system
\l@brazilian = a dialect from \language\l@portuges 
Package babel Info: Making " an active character on input line 145.
))
(/usr/local/texlive/2013/texmf-dist/tex/latex/psnfss/times.sty
Package: times 2005/04/12 PSNFSS-v9.2a (SPQR) 
)
(/usr/local/texlive/2013/texmf-dist/tex/latex/tools/indentfirst.sty
Package: indentfirst 1995/11/23 v1.03 Indent first paragraph (DPC)
)
(/usr/local/texlive/2013/texmf-dist/tex/latex/setspace/setspace.sty
Package: setspace 2011/12/19 v6.7a set line spacing
)
(/usr/local/texlive/2013/texmf-dist/tex/latex/lastpage/lastpage.sty
Package: lastpage 2013/01/28 v1.2l Refers to last page's name (HMM; JPG)
)
\c@@kwi=\count89
\c@alineas=\count90
LaTeX Info: Redefining \appendix on input line 333.
LaTeX Info: Redefining \section on input line 602.
LaTeX Info: Redefining \subsection on input line 606.
LaTeX Info: Redefining \subsubsection on input line 610.
LaTeX Info: Redefining \paragraph on input line 614.
LaTeX Info: Redefining \subparagraph on input line 618.
\@chapnumindent=\skip43
)
(/usr/local/texlive/2013/texmf-dist/tex/latex/base/inputenc.sty
Package: inputenc 2008/03/30 v1.1d Input encoding file
\inpenc@prehook=\toks14
\inpenc@posthook=\toks15

(/usr/local/texlive/2013/texmf-dist/tex/latex/base/latin1.def
File: latin1.def 2008/03/30 v1.1d Input encoding file
))
(/usr/local/texlive/2013/texmf-dist/tex/latex/base/fontenc.sty
Package: fontenc 2005/09/27 v1.99g Standard LaTeX package

(/usr/local/texlive/2013/texmf-dist/tex/latex/base/t1enc.def
File: t1enc.def 2005/09/27 v1.99g Standard LaTeX file
LaTeX Font Info:    Redeclaring font encoding T1 on input line 43.
))
(/usr/local/texlive/2013/texmf-dist/tex/latex/graphics/graphicx.sty
Package: graphicx 1999/02/16 v1.0f Enhanced LaTeX Graphics (DPC,SPQR)

(/usr/local/texlive/2013/texmf-dist/tex/latex/graphics/keyval.sty
Package: keyval 1999/03/16 v1.13 key=value parser (DPC)
\KV@toks@=\toks16
)
(/usr/local/texlive/2013/texmf-dist/tex/latex/graphics/graphics.sty
Package: graphics 2009/02/05 v1.0o Standard LaTeX Graphics (DPC,SPQR)

(/usr/local/texlive/2013/texmf-dist/tex/latex/graphics/trig.sty
Package: trig 1999/03/16 v1.09 sin cos tan (DPC)
)
(/usr/local/texlive/2013/texmf-dist/tex/latex/latexconfig/graphics.cfg
File: graphics.cfg 2010/04/23 v1.9 graphics configuration of TeX Live
)
Package graphics Info: Driver file: pdftex.def on input line 91.

(/usr/local/texlive/2013/texmf-dist/tex/latex/pdftex-def/pdftex.def
File: pdftex.def 2011/05/27 v0.06d Graphics/color for pdfTeX

(/usr/local/texlive/2013/texmf-dist/tex/generic/oberdiek/infwarerr.sty
Package: infwarerr 2010/04/08 v1.3 Providing info/warning/error messages (HO)
)
(/usr/local/texlive/2013/texmf-dist/tex/generic/oberdiek/ltxcmds.sty
Package: ltxcmds 2011/11/09 v1.22 LaTeX kernel commands for general use (HO)
)
\Gread@gobject=\count91
))
\Gin@req@height=\dimen104
\Gin@req@width=\dimen105
)
(/usr/local/texlive/2013/texmf-dist/tex/latex/natbib/bibentry.sty
Package: bibentry 2007/10/30 1.5 (PWD)
)
(/usr/local/texlive/2013/texmf-dist/tex/latex/caption/caption.sty
Package: caption 2013/05/02 v3.3-89 Customizing captions (AR)

(/usr/local/texlive/2013/texmf-dist/tex/latex/caption/caption3.sty
Package: caption3 2013/05/02 v1.6-88 caption3 kernel (AR)
Package caption3 Info: TeX engine: e-TeX on input line 57.
\captionmargin=\dimen106
\captionmargin@=\dimen107
\captionwidth=\dimen108
\caption@tempdima=\dimen109
\caption@indent=\dimen110
\caption@parindent=\dimen111
\caption@hangindent=\dimen112
Package caption Info: Unknown document class (or package),
(caption)             standard defaults will be used.
)

Package caption Warning: Unsupported document class (or package) detected,
(caption)                usage of the caption package is not recommended.
See the caption package documentation for explanation.

Package caption Info: \@makecaption = \long macro:#1#2->\vskip \abovecaptionski
p \sbox \@tempboxa {\textbf {#1:} #2}\ifdim \wd \@tempboxa >\hsize {\textbf {#1
:} #2\par } \else \global \@minipagefalse \hb@xt@ \hsize {\hfil \box \@tempboxa
 \hfil }\fi \vskip \belowcaptionskip .
\c@ContinuedFloat=\count92
) (/usr/local/texlive/2013/texmf-dist/tex/latex/multirow/multirow.sty
\bigstrutjot=\dimen113
)
(/usr/local/texlive/2013/texmf-dist/tex/latex/hyperref/hyperref.sty
Package: hyperref 2012/11/06 v6.83m Hypertext links for LaTeX

(/usr/local/texlive/2013/texmf-dist/tex/generic/oberdiek/hobsub-hyperref.sty
Package: hobsub-hyperref 2012/05/28 v1.13 Bundle oberdiek, subset hyperref (HO)


(/usr/local/texlive/2013/texmf-dist/tex/generic/oberdiek/hobsub-generic.sty
Package: hobsub-generic 2012/05/28 v1.13 Bundle oberdiek, subset generic (HO)
Package: hobsub 2012/05/28 v1.13 Construct package bundles (HO)
Package hobsub Info: Skipping package `infwarerr' (already loaded).
Package hobsub Info: Skipping package `ltxcmds' (already loaded).
Package: ifluatex 2010/03/01 v1.3 Provides the ifluatex switch (HO)
Package ifluatex Info: LuaTeX not detected.
Package: ifvtex 2010/03/01 v1.5 Detect VTeX and its facilities (HO)
Package ifvtex Info: VTeX not detected.
Package: intcalc 2007/09/27 v1.1 Expandable calculations with integers (HO)
Package: ifpdf 2011/01/30 v2.3 Provides the ifpdf switch (HO)
Package ifpdf Info: pdfTeX in PDF mode is detected.
Package: etexcmds 2011/02/16 v1.5 Avoid name clashes with e-TeX commands (HO)
Package etexcmds Info: Could not find \expanded.
(etexcmds)             That can mean that you are not using pdfTeX 1.50 or
(etexcmds)             that some package has redefined \expanded.
(etexcmds)             In the latter case, load this package earlier.
Package: kvsetkeys 2012/04/25 v1.16 Key value parser (HO)
Package: kvdefinekeys 2011/04/07 v1.3 Define keys (HO)
Package: pdftexcmds 2011/11/29 v0.20 Utility functions of pdfTeX for LuaTeX (HO
)
Package pdftexcmds Info: LuaTeX not detected.
Package pdftexcmds Info: \pdf@primitive is available.
Package pdftexcmds Info: \pdf@ifprimitive is available.
Package pdftexcmds Info: \pdfdraftmode found.
Package: pdfescape 2011/11/25 v1.13 Implements pdfTeX's escape features (HO)
Package: bigintcalc 2012/04/08 v1.3 Expandable calculations on big integers (HO
)
Package: bitset 2011/01/30 v1.1 Handle bit-vector datatype (HO)
Package: uniquecounter 2011/01/30 v1.2 Provide unlimited unique counter (HO)
)
Package hobsub Info: Skipping package `hobsub' (already loaded).
Package: letltxmacro 2010/09/02 v1.4 Let assignment for LaTeX macros (HO)
Package: hopatch 2012/05/28 v1.2 Wrapper for package hooks (HO)
Package: xcolor-patch 2011/01/30 xcolor patch
Package: atveryend 2011/06/30 v1.8 Hooks at the very end of document (HO)
Package atveryend Info: \enddocument detected (standard20110627).
Package: atbegshi 2011/10/05 v1.16 At begin shipout hook (HO)
Package: refcount 2011/10/16 v3.4 Data extraction from label references (HO)
Package: hycolor 2011/01/30 v1.7 Color options for hyperref/bookmark (HO)
)
(/usr/local/texlive/2013/texmf-dist/tex/generic/ifxetex/ifxetex.sty
Package: ifxetex 2010/09/12 v0.6 Provides ifxetex conditional
)
(/usr/local/texlive/2013/texmf-dist/tex/latex/oberdiek/auxhook.sty
Package: auxhook 2011/03/04 v1.3 Hooks for auxiliary files (HO)
)
(/usr/local/texlive/2013/texmf-dist/tex/latex/oberdiek/kvoptions.sty
Package: kvoptions 2011/06/30 v3.11 Key value format for package options (HO)
)
\@linkdim=\dimen114
\Hy@linkcounter=\count93
\Hy@pagecounter=\count94

(/usr/local/texlive/2013/texmf-dist/tex/latex/hyperref/pd1enc.def
File: pd1enc.def 2012/11/06 v6.83m Hyperref: PDFDocEncoding definition (HO)
)
\Hy@SavedSpaceFactor=\count95

(/usr/local/texlive/2013/texmf-dist/tex/latex/latexconfig/hyperref.cfg
File: hyperref.cfg 2002/06/06 v1.2 hyperref configuration of TeXLive
)
Package hyperref Info: Hyper figures OFF on input line 4443.
Package hyperref Info: Link nesting OFF on input line 4448.
Package hyperref Info: Hyper index ON on input line 4451.
Package hyperref Info: Plain pages OFF on input line 4458.
Package hyperref Info: Backreferencing OFF on input line 4463.
Package hyperref Info: Implicit mode ON; LaTeX internals redefined.
Package hyperref Info: Bookmarks ON on input line 4688.
\c@Hy@tempcnt=\count96

(/usr/local/texlive/2013/texmf-dist/tex/latex/url/url.sty
\Urlmuskip=\muskip10
Package: url 2013/09/16  ver 3.4  Verb mode for urls, etc.
)
LaTeX Info: Redefining \url on input line 5041.
\XeTeXLinkMargin=\dimen115
\Fld@menulength=\count97
\Field@Width=\dimen116
\Fld@charsize=\dimen117
Package hyperref Info: Hyper figures OFF on input line 6295.
Package hyperref Info: Link nesting OFF on input line 6300.
Package hyperref Info: Hyper index ON on input line 6303.
Package hyperref Info: backreferencing OFF on input line 6310.
Package hyperref Info: Link coloring OFF on input line 6315.
Package hyperref Info: Link coloring with OCG OFF on input line 6320.
Package hyperref Info: PDF/A mode OFF on input line 6325.
LaTeX Info: Redefining \ref on input line 6365.
LaTeX Info: Redefining \pageref on input line 6369.
\Hy@abspage=\count98
\c@Item=\count99
\c@Hfootnote=\count100
)

Package hyperref Message: Driver (autodetected): hpdftex.

(/usr/local/texlive/2013/texmf-dist/tex/latex/hyperref/hpdftex.def
File: hpdftex.def 2012/11/06 v6.83m Hyperref driver for pdfTeX
\Fld@listcount=\count101
\c@bookmark@seq@number=\count102

(/usr/local/texlive/2013/texmf-dist/tex/latex/oberdiek/rerunfilecheck.sty
Package: rerunfilecheck 2011/04/15 v1.7 Rerun checks for auxiliary files (HO)
Package uniquecounter Info: New unique counter `rerunfilecheck' on input line 2
82.
)
\Hy@SectionHShift=\skip44
)
(/usr/local/texlive/2013/texmf-dist/tex/latex/amsfonts/amssymb.sty
Package: amssymb 2013/01/14 v3.01 AMS font symbols

(/usr/local/texlive/2013/texmf-dist/tex/latex/amsfonts/amsfonts.sty
Package: amsfonts 2013/01/14 v3.01 Basic AMSFonts support
\@emptytoks=\toks17
\symAMSa=\mathgroup4
\symAMSb=\mathgroup5
LaTeX Font Info:    Overwriting math alphabet `\mathfrak' in version `bold'
(Font)                  U/euf/m/n --> U/euf/b/n on input line 106.
))
(/usr/local/texlive/2013/texmf-dist/tex/latex/amsmath/amsmath.sty
Package: amsmath 2013/01/14 v2.14 AMS math features
\@mathmargin=\skip45

For additional information on amsmath, use the `?' option.
(/usr/local/texlive/2013/texmf-dist/tex/latex/amsmath/amstext.sty
Package: amstext 2000/06/29 v2.01

(/usr/local/texlive/2013/texmf-dist/tex/latex/amsmath/amsgen.sty
File: amsgen.sty 1999/11/30 v2.0
\@emptytoks=\toks18
\ex@=\dimen118
))
(/usr/local/texlive/2013/texmf-dist/tex/latex/amsmath/amsbsy.sty
Package: amsbsy 1999/11/29 v1.2d
\pmbraise@=\dimen119
)
(/usr/local/texlive/2013/texmf-dist/tex/latex/amsmath/amsopn.sty
Package: amsopn 1999/12/14 v2.01 operator names
)
\inf@bad=\count103
LaTeX Info: Redefining \frac on input line 210.
\uproot@=\count104
\leftroot@=\count105
LaTeX Info: Redefining \overline on input line 306.
\classnum@=\count106
\DOTSCASE@=\count107
LaTeX Info: Redefining \ldots on input line 378.
LaTeX Info: Redefining \dots on input line 381.
LaTeX Info: Redefining \cdots on input line 466.
\Mathstrutbox@=\box26
\strutbox@=\box27
\big@size=\dimen120
LaTeX Font Info:    Redeclaring font encoding OML on input line 566.
LaTeX Font Info:    Redeclaring font encoding OMS on input line 567.
\macc@depth=\count108
\c@MaxMatrixCols=\count109
\dotsspace@=\muskip11
\c@parentequation=\count110
\dspbrk@lvl=\count111
\tag@help=\toks19
\row@=\count112
\column@=\count113
\maxfields@=\count114
\andhelp@=\toks20
\eqnshift@=\dimen121
\alignsep@=\dimen122
\tagshift@=\dimen123
\tagwidth@=\dimen124
\totwidth@=\dimen125
\lineht@=\dimen126
\@envbody=\toks21
\multlinegap=\skip46
\multlinetaggap=\skip47
\mathdisplay@stack=\toks22
LaTeX Info: Redefining \[ on input line 2665.
LaTeX Info: Redefining \] on input line 2666.
)
(./pgfgantt.sty
Package: pgfgantt 2013/06/01 v4.0 Draw Gantt diagrams with TikZ

(/usr/local/texlive/2013/texmf-dist/tex/latex/pgf/frontendlayer/tikz.sty
(/usr/local/texlive/2013/texmf-dist/tex/latex/pgf/basiclayer/pgf.sty
(/usr/local/texlive/2013/texmf-dist/tex/latex/pgf/utilities/pgfrcs.sty
(/usr/local/texlive/2013/texmf-dist/tex/generic/pgf/utilities/pgfutil-common.te
x
\pgfutil@everybye=\toks23
\pgfutil@tempdima=\dimen127
\pgfutil@tempdimb=\dimen128

(/usr/local/texlive/2013/texmf-dist/tex/generic/pgf/utilities/pgfutil-common-li
sts.tex))
(/usr/local/texlive/2013/texmf-dist/tex/generic/pgf/utilities/pgfutil-latex.def
\pgfutil@abb=\box28
(/usr/local/texlive/2013/texmf-dist/tex/latex/ms/everyshi.sty
Package: everyshi 2001/05/15 v3.00 EveryShipout Package (MS)
))
(/usr/local/texlive/2013/texmf-dist/tex/generic/pgf/utilities/pgfrcs.code.tex
Package: pgfrcs 2013/12/20 v3.0.0 (rcs-revision 1.28)
))
Package: pgf 2013/12/18 v3.0.0 (rcs-revision 1.14)
(/usr/local/texlive/2013/texmf-dist/tex/latex/pgf/basiclayer/pgfcore.sty
(/usr/local/texlive/2013/texmf-dist/tex/latex/pgf/systemlayer/pgfsys.sty
(/usr/local/texlive/2013/texmf-dist/tex/generic/pgf/systemlayer/pgfsys.code.tex
Package: pgfsys 2013/11/30 v3.0.0 (rcs-revision 1.47)
(/usr/local/texlive/2013/texmf-dist/tex/generic/pgf/utilities/pgfkeys.code.tex
\pgfkeys@pathtoks=\toks24
\pgfkeys@temptoks=\toks25

(/usr/local/texlive/2013/texmf-dist/tex/generic/pgf/utilities/pgfkeysfiltered.c
ode.tex
\pgfkeys@tmptoks=\toks26
))
\pgf@x=\dimen129
\pgf@y=\dimen130
\pgf@xa=\dimen131
\pgf@ya=\dimen132
\pgf@xb=\dimen133
\pgf@yb=\dimen134
\pgf@xc=\dimen135
\pgf@yc=\dimen136
\w@pgf@writea=\write3
\r@pgf@reada=\read1
\c@pgf@counta=\count115
\c@pgf@countb=\count116
\c@pgf@countc=\count117
\c@pgf@countd=\count118
\t@pgf@toka=\toks27
\t@pgf@tokb=\toks28
\t@pgf@tokc=\toks29

(/usr/local/texlive/2013/texmf-dist/tex/generic/pgf/systemlayer/pgf.cfg
File: pgf.cfg 2008/05/14  (rcs-revision 1.7)
)
Driver file for pgf: pgfsys-pdftex.def

(/usr/local/texlive/2013/texmf-dist/tex/generic/pgf/systemlayer/pgfsys-pdftex.d
ef
File: pgfsys-pdftex.def 2013/07/18  (rcs-revision 1.33)

(/usr/local/texlive/2013/texmf-dist/tex/generic/pgf/systemlayer/pgfsys-common-p
df.def
File: pgfsys-common-pdf.def 2013/10/10  (rcs-revision 1.13)
)))
(/usr/local/texlive/2013/texmf-dist/tex/generic/pgf/systemlayer/pgfsyssoftpath.
code.tex
File: pgfsyssoftpath.code.tex 2013/09/09  (rcs-revision 1.9)
\pgfsyssoftpath@smallbuffer@items=\count119
\pgfsyssoftpath@bigbuffer@items=\count120
)
(/usr/local/texlive/2013/texmf-dist/tex/generic/pgf/systemlayer/pgfsysprotocol.
code.tex
File: pgfsysprotocol.code.tex 2006/10/16  (rcs-revision 1.4)
)) (/usr/local/texlive/2013/texmf-dist/tex/latex/xcolor/xcolor.sty
Package: xcolor 2007/01/21 v2.11 LaTeX color extensions (UK)

(/usr/local/texlive/2013/texmf-dist/tex/latex/latexconfig/color.cfg
File: color.cfg 2007/01/18 v1.5 color configuration of teTeX/TeXLive
)
Package xcolor Info: Driver file: pdftex.def on input line 225.
Package xcolor Info: Model `cmy' substituted by `cmy0' on input line 1337.
Package xcolor Info: Model `hsb' substituted by `rgb' on input line 1341.
Package xcolor Info: Model `RGB' extended on input line 1353.
Package xcolor Info: Model `HTML' substituted by `rgb' on input line 1355.
Package xcolor Info: Model `Hsb' substituted by `hsb' on input line 1356.
Package xcolor Info: Model `tHsb' substituted by `hsb' on input line 1357.
Package xcolor Info: Model `HSB' substituted by `hsb' on input line 1358.
Package xcolor Info: Model `Gray' substituted by `gray' on input line 1359.
Package xcolor Info: Model `wave' substituted by `hsb' on input line 1360.
)
(/usr/local/texlive/2013/texmf-dist/tex/generic/pgf/basiclayer/pgfcore.code.tex
Package: pgfcore 2010/04/11 v3.0.0 (rcs-revision 1.7)
(/usr/local/texlive/2013/texmf-dist/tex/generic/pgf/math/pgfmath.code.tex
(/usr/local/texlive/2013/texmf-dist/tex/generic/pgf/math/pgfmathcalc.code.tex
(/usr/local/texlive/2013/texmf-dist/tex/generic/pgf/math/pgfmathutil.code.tex)
(/usr/local/texlive/2013/texmf-dist/tex/generic/pgf/math/pgfmathparser.code.tex
\pgfmath@dimen=\dimen137
\pgfmath@count=\count121
\pgfmath@box=\box29
\pgfmath@toks=\toks30
\pgfmath@stack@operand=\toks31
\pgfmath@stack@operation=\toks32
)
(/usr/local/texlive/2013/texmf-dist/tex/generic/pgf/math/pgfmathfunctions.code.
tex
(/usr/local/texlive/2013/texmf-dist/tex/generic/pgf/math/pgfmathfunctions.basic
.code.tex)
(/usr/local/texlive/2013/texmf-dist/tex/generic/pgf/math/pgfmathfunctions.trigo
nometric.code.tex)
(/usr/local/texlive/2013/texmf-dist/tex/generic/pgf/math/pgfmathfunctions.rando
m.code.tex)
(/usr/local/texlive/2013/texmf-dist/tex/generic/pgf/math/pgfmathfunctions.compa
rison.code.tex)
(/usr/local/texlive/2013/texmf-dist/tex/generic/pgf/math/pgfmathfunctions.base.
code.tex)
(/usr/local/texlive/2013/texmf-dist/tex/generic/pgf/math/pgfmathfunctions.round
.code.tex)
(/usr/local/texlive/2013/texmf-dist/tex/generic/pgf/math/pgfmathfunctions.misc.
code.tex)
(/usr/local/texlive/2013/texmf-dist/tex/generic/pgf/math/pgfmathfunctions.integ
erarithmetics.code.tex)))
(/usr/local/texlive/2013/texmf-dist/tex/generic/pgf/math/pgfmathfloat.code.tex
\c@pgfmathroundto@lastzeros=\count122
))
(/usr/local/texlive/2013/texmf-dist/tex/generic/pgf/basiclayer/pgfcorepoints.co
de.tex
File: pgfcorepoints.code.tex 2013/10/07  (rcs-revision 1.27)
\pgf@picminx=\dimen138
\pgf@picmaxx=\dimen139
\pgf@picminy=\dimen140
\pgf@picmaxy=\dimen141
\pgf@pathminx=\dimen142
\pgf@pathmaxx=\dimen143
\pgf@pathminy=\dimen144
\pgf@pathmaxy=\dimen145
\pgf@xx=\dimen146
\pgf@xy=\dimen147
\pgf@yx=\dimen148
\pgf@yy=\dimen149
\pgf@zx=\dimen150
\pgf@zy=\dimen151
)
(/usr/local/texlive/2013/texmf-dist/tex/generic/pgf/basiclayer/pgfcorepathconst
ruct.code.tex
File: pgfcorepathconstruct.code.tex 2013/10/07  (rcs-revision 1.29)
\pgf@path@lastx=\dimen152
\pgf@path@lasty=\dimen153
)
(/usr/local/texlive/2013/texmf-dist/tex/generic/pgf/basiclayer/pgfcorepathusage
.code.tex
File: pgfcorepathusage.code.tex 2013/12/13  (rcs-revision 1.23)
\pgf@shorten@end@additional=\dimen154
\pgf@shorten@start@additional=\dimen155
)
(/usr/local/texlive/2013/texmf-dist/tex/generic/pgf/basiclayer/pgfcorescopes.co
de.tex
File: pgfcorescopes.code.tex 2013/10/09  (rcs-revision 1.44)
\pgfpic=\box30
\pgf@hbox=\box31
\pgf@layerbox@main=\box32
\pgf@picture@serial@count=\count123
)
(/usr/local/texlive/2013/texmf-dist/tex/generic/pgf/basiclayer/pgfcoregraphicst
ate.code.tex
File: pgfcoregraphicstate.code.tex 2013/09/19  (rcs-revision 1.11)
\pgflinewidth=\dimen156
)
(/usr/local/texlive/2013/texmf-dist/tex/generic/pgf/basiclayer/pgfcoretransform
ations.code.tex
File: pgfcoretransformations.code.tex 2013/10/10  (rcs-revision 1.17)
\pgf@pt@x=\dimen157
\pgf@pt@y=\dimen158
\pgf@pt@temp=\dimen159
)
(/usr/local/texlive/2013/texmf-dist/tex/generic/pgf/basiclayer/pgfcorequick.cod
e.tex
File: pgfcorequick.code.tex 2008/10/09  (rcs-revision 1.3)
)
(/usr/local/texlive/2013/texmf-dist/tex/generic/pgf/basiclayer/pgfcoreobjects.c
ode.tex
File: pgfcoreobjects.code.tex 2006/10/11  (rcs-revision 1.2)
)
(/usr/local/texlive/2013/texmf-dist/tex/generic/pgf/basiclayer/pgfcorepathproce
ssing.code.tex
File: pgfcorepathprocessing.code.tex 2013/09/09  (rcs-revision 1.9)
)
(/usr/local/texlive/2013/texmf-dist/tex/generic/pgf/basiclayer/pgfcorearrows.co
de.tex
File: pgfcorearrows.code.tex 2013/11/07  (rcs-revision 1.40)
\pgfarrowsep=\dimen160
)
(/usr/local/texlive/2013/texmf-dist/tex/generic/pgf/basiclayer/pgfcoreshade.cod
e.tex
File: pgfcoreshade.code.tex 2013/07/15  (rcs-revision 1.15)
\pgf@max=\dimen161
\pgf@sys@shading@range@num=\count124
)
(/usr/local/texlive/2013/texmf-dist/tex/generic/pgf/basiclayer/pgfcoreimage.cod
e.tex
File: pgfcoreimage.code.tex 2013/07/15  (rcs-revision 1.18)

(/usr/local/texlive/2013/texmf-dist/tex/generic/pgf/basiclayer/pgfcoreexternal.
code.tex
File: pgfcoreexternal.code.tex 2013/07/15  (rcs-revision 1.20)
\pgfexternal@startupbox=\box33
))
(/usr/local/texlive/2013/texmf-dist/tex/generic/pgf/basiclayer/pgfcorelayers.co
de.tex
File: pgfcorelayers.code.tex 2013/07/18  (rcs-revision 1.7)
)
(/usr/local/texlive/2013/texmf-dist/tex/generic/pgf/basiclayer/pgfcoretranspare
ncy.code.tex
File: pgfcoretransparency.code.tex 2013/09/30  (rcs-revision 1.5)
)
(/usr/local/texlive/2013/texmf-dist/tex/generic/pgf/basiclayer/pgfcorepatterns.
code.tex
File: pgfcorepatterns.code.tex 2013/11/07  (rcs-revision 1.5)
)))
(/usr/local/texlive/2013/texmf-dist/tex/generic/pgf/modules/pgfmoduleshapes.cod
e.tex
File: pgfmoduleshapes.code.tex 2013/10/31  (rcs-revision 1.34)
\pgfnodeparttextbox=\box34
)
(/usr/local/texlive/2013/texmf-dist/tex/generic/pgf/modules/pgfmoduleplot.code.
tex
File: pgfmoduleplot.code.tex 2013/07/31  (rcs-revision 1.12)
)
(/usr/local/texlive/2013/texmf-dist/tex/latex/pgf/compatibility/pgfcomp-version
-0-65.sty
Package: pgfcomp-version-0-65 2007/07/03 v3.0.0 (rcs-revision 1.7)
\pgf@nodesepstart=\dimen162
\pgf@nodesepend=\dimen163
)
(/usr/local/texlive/2013/texmf-dist/tex/latex/pgf/compatibility/pgfcomp-version
-1-18.sty
Package: pgfcomp-version-1-18 2007/07/23 v3.0.0 (rcs-revision 1.1)
))
(/usr/local/texlive/2013/texmf-dist/tex/latex/pgf/utilities/pgffor.sty
(/usr/local/texlive/2013/texmf-dist/tex/latex/pgf/utilities/pgfkeys.sty
(/usr/local/texlive/2013/texmf-dist/tex/generic/pgf/utilities/pgfkeys.code.tex)
) (/usr/local/texlive/2013/texmf-dist/tex/latex/pgf/math/pgfmath.sty
(/usr/local/texlive/2013/texmf-dist/tex/generic/pgf/math/pgfmath.code.tex))
(/usr/local/texlive/2013/texmf-dist/tex/generic/pgf/utilities/pgffor.code.tex
Package: pgffor 2013/12/13 v3.0.0 (rcs-revision 1.25)

(/usr/local/texlive/2013/texmf-dist/tex/generic/pgf/math/pgfmath.code.tex)
\pgffor@iter=\dimen164
\pgffor@skip=\dimen165
\pgffor@stack=\toks33
\pgffor@toks=\toks34
))
(/usr/local/texlive/2013/texmf-dist/tex/generic/pgf/frontendlayer/tikz/tikz.cod
e.tex
Package: tikz 2013/12/13 v3.0.0 (rcs-revision 1.142)

(/usr/local/texlive/2013/texmf-dist/tex/generic/pgf/libraries/pgflibraryplothan
dlers.code.tex
File: pgflibraryplothandlers.code.tex 2013/08/31 v3.0.0 (rcs-revision 1.20)
\pgf@plot@mark@count=\count125
\pgfplotmarksize=\dimen166
)
\tikz@lastx=\dimen167
\tikz@lasty=\dimen168
\tikz@lastxsaved=\dimen169
\tikz@lastysaved=\dimen170
\tikzleveldistance=\dimen171
\tikzsiblingdistance=\dimen172
\tikz@figbox=\box35
\tikz@figbox@bg=\box36
\tikz@tempbox=\box37
\tikz@tempbox@bg=\box38
\tikztreelevel=\count126
\tikznumberofchildren=\count127
\tikznumberofcurrentchild=\count128
\tikz@fig@count=\count129

(/usr/local/texlive/2013/texmf-dist/tex/generic/pgf/modules/pgfmodulematrix.cod
e.tex
File: pgfmodulematrix.code.tex 2013/09/17  (rcs-revision 1.8)
\pgfmatrixcurrentrow=\count130
\pgfmatrixcurrentcolumn=\count131
\pgf@matrix@numberofcolumns=\count132
)
\tikz@expandcount=\count133

(/usr/local/texlive/2013/texmf-dist/tex/generic/pgf/frontendlayer/tikz/librarie
s/tikzlibrarytopaths.code.tex
File: tikzlibrarytopaths.code.tex 2008/06/17 v3.0.0 (rcs-revision 1.2)
)))
(/usr/local/texlive/2013/texmf-dist/tex/generic/pgf/frontendlayer/tikz/librarie
s/tikzlibraryarrows.code.tex
File: tikzlibraryarrows.code.tex 2008/01/09 v3.0.0 (rcs-revision 1.1)

(/usr/local/texlive/2013/texmf-dist/tex/generic/pgf/libraries/pgflibraryarrows.
code.tex
File: pgflibraryarrows.code.tex 2013/09/23 v3.0.0 (rcs-revision 1.16)
\arrowsize=\dimen173
))
(/usr/local/texlive/2013/texmf-dist/tex/generic/pgf/frontendlayer/tikz/librarie
s/tikzlibrarybackgrounds.code.tex
File: tikzlibrarybackgrounds.code.tex 2013/07/18 v3.0.0 (rcs-revision 1.3)
\pgf@layerbox@background=\box39
\pgf@layerboxsaved@background=\box40
)
(/usr/local/texlive/2013/texmf-dist/tex/generic/pgf/frontendlayer/tikz/librarie
s/tikzlibrarycalc.code.tex
File: tikzlibrarycalc.code.tex 2013/07/15 v3.0.0 (rcs-revision 1.9)
)
(/usr/local/texlive/2013/texmf-dist/tex/generic/pgf/frontendlayer/tikz/librarie
s/tikzlibrarypatterns.code.tex
File: tikzlibrarypatterns.code.tex 2008/01/15 v3.0.0 (rcs-revision 1.2)

(/usr/local/texlive/2013/texmf-dist/tex/generic/pgf/libraries/pgflibrarypattern
s.code.tex
File: pgflibrarypatterns.code.tex 2008/03/03 v3.0.0 (rcs-revision 1.13)
))
(/usr/local/texlive/2013/texmf-dist/tex/generic/pgf/frontendlayer/tikz/librarie
s/tikzlibrarypositioning.code.tex
File: tikzlibrarypositioning.code.tex 2008/10/06 v3.0.0 (rcs-revision 1.7)
)
(/usr/local/texlive/2013/texmf-dist/tex/generic/pgf/frontendlayer/tikz/librarie
s/tikzlibraryshapes.geometric.code.tex
File: tikzlibraryshapes.geometric.code.tex 2008/01/09 v3.0.0 (rcs-revision 1.1)


(/usr/local/texlive/2013/texmf-dist/tex/generic/pgf/libraries/shapes/pgflibrary
shapes.geometric.code.tex
File: pgflibraryshapes.geometric.code.tex 2008/06/26 v3.0.0 (rcs-revision 1.1)
))
(/usr/local/texlive/2013/texmf-dist/tex/latex/pgf/utilities/pgfcalendar.sty
(/usr/local/texlive/2013/texmf-dist/tex/generic/pgf/utilities/pgfcalendar.code.
tex
File: pgfcalendar.code.tex 2007/07/23 v3.0.0 (rcs-revision 1.11)
\pgfcalendarcurrentjulian=\count134
))
\gtt@currentline=\count135
\gtt@lasttitleline=\count136
\gtt@currgrid=\count137
\gtt@chartwidth=\count138
\gtt@lasttitleslot=\count139
\gtt@elementid=\count140
\gtt@today@slot=\count141
\gtt@startjulian=\count142
\gtt@endjulian=\count143
\gtt@calendar@slots=\count144
\gtt@calendar@weeknumber=\count145
\gtt@calendar@startofweek=\count146
\gtt@left@slot=\count147
\gtt@right@slot=\count148
) (/usr/local/texlive/2013/texmf-dist/tex/latex/soul/soul.sty
Package: soul 2003/11/17 v2.4 letterspacing/underlining (mf)
\SOUL@word=\toks35
\SOUL@lasttoken=\toks36
\SOUL@cmds=\toks37
\SOUL@buffer=\toks38
\SOUL@token=\toks39
\SOUL@spaceskip=\skip48
\SOUL@ttwidth=\dimen174
\SOUL@uldp=\dimen175
\SOUL@ulht=\dimen176
)
(/usr/local/texlive/2013/texmf-dist/tex/latex/booktabs/booktabs.sty
Package: booktabs 2005/04/14 v1.61803 publication quality tables
\heavyrulewidth=\dimen177
\lightrulewidth=\dimen178
\cmidrulewidth=\dimen179
\belowrulesep=\dimen180
\belowbottomsep=\dimen181
\aboverulesep=\dimen182
\abovetopsep=\dimen183
\cmidrulesep=\dimen184
\cmidrulekern=\dimen185
\defaultaddspace=\dimen186
\@cmidla=\count149
\@cmidlb=\count150
\@aboverulesep=\dimen187
\@belowrulesep=\dimen188
\@thisruleclass=\count151
\@lastruleclass=\count152
\@thisrulewidth=\dimen189
)
(/usr/local/texlive/2013/texmf-dist/tex/latex/listings/listings.sty
\lst@mode=\count153
\lst@gtempboxa=\box41
\lst@token=\toks40
\lst@length=\count154
\lst@currlwidth=\dimen190
\lst@column=\count155
\lst@pos=\count156
\lst@lostspace=\dimen191
\lst@width=\dimen192
\lst@newlines=\count157
\lst@lineno=\count158
\lst@maxwidth=\dimen193

(/usr/local/texlive/2013/texmf-dist/tex/latex/listings/lstmisc.sty
File: lstmisc.sty 2014/03/04 1.5c (Carsten Heinz)
\c@lstnumber=\count159
\lst@skipnumbers=\count160
\lst@framebox=\box42
)
(/usr/local/texlive/2013/texmf-dist/tex/latex/listings/listings.cfg
File: listings.cfg 2014/03/04 1.5c listings configuration
))
Package: listings 2014/03/04 1.5c (Carsten Heinz)

(/usr/local/texlive/2013/texmf-dist/tex/latex/pdfpages/pdfpages.sty
Package: pdfpages 2013/08/25 v0.4v Insert pages of external PDF documents (AM)

(/usr/local/texlive/2013/texmf-dist/tex/latex/base/ifthen.sty
Package: ifthen 2001/05/26 v1.1c Standard LaTeX ifthen package (DPC)
)
(/usr/local/texlive/2013/texmf-dist/tex/latex/tools/calc.sty
Package: calc 2007/08/22 v4.3 Infix arithmetic (KKT,FJ)
\calc@Acount=\count161
\calc@Bcount=\count162
\calc@Adimen=\dimen194
\calc@Bdimen=\dimen195
\calc@Askip=\skip49
\calc@Bskip=\skip50
LaTeX Info: Redefining \setlength on input line 76.
LaTeX Info: Redefining \addtolength on input line 77.
\calc@Ccount=\count163
\calc@Cskip=\skip51
)
(/usr/local/texlive/2013/texmf-dist/tex/latex/eso-pic/eso-pic.sty
Package: eso-pic 2013/10/06 v2.0d eso-pic (RN)
)
(/usr/local/texlive/2013/texmf-dist/tex/latex/pdfpages/pppdftex.def
File: pppdftex.def 2013/08/25 v0.4v Pdfpages driver for pdfTeX (AM)
)
\AM@pagebox=\box43
\AM@toc@title=\toks41
\c@AM@survey=\count164
\AM@templatesizebox=\box44
)
(/usr/local/texlive/2013/texmf-dist/tex/latex/tools/afterpage.sty
Package: afterpage 1995/10/27 v1.08 After-Page Package (DPC)
\AP@output=\toks42
\AP@partial=\box45
\AP@footins=\box46
)
(/usr/local/texlive/2013/texmf-dist/tex/latex/natbib/natbib.sty
Package: natbib 2010/09/13 8.31b (PWD, AO)
\bibhang=\skip52
\bibsep=\skip53
LaTeX Info: Redefining \cite on input line 694.
\c@NAT@ctr=\count165
)
\c@@kwbrazilian=\count166
\c@@kwenglish=\count167

(./Rodrigo_Buhler_Dissertacao_v6.00.aux)
\openout1 = `Rodrigo_Buhler_Dissertacao_v6.00.aux'.

LaTeX Font Info:    Checking defaults for OML/cmm/m/it on input line 64.
LaTeX Font Info:    ... okay on input line 64.
LaTeX Font Info:    Checking defaults for T1/cmr/m/n on input line 64.
LaTeX Font Info:    ... okay on input line 64.
LaTeX Font Info:    Checking defaults for OT1/cmr/m/n on input line 64.
LaTeX Font Info:    ... okay on input line 64.
LaTeX Font Info:    Checking defaults for OMS/cmsy/m/n on input line 64.
LaTeX Font Info:    ... okay on input line 64.
LaTeX Font Info:    Checking defaults for OMX/cmex/m/n on input line 64.
LaTeX Font Info:    ... okay on input line 64.
LaTeX Font Info:    Checking defaults for U/cmr/m/n on input line 64.
LaTeX Font Info:    ... okay on input line 64.
LaTeX Font Info:    Checking defaults for PD1/pdf/m/n on input line 64.
LaTeX Font Info:    ... okay on input line 64.
LaTeX Font Info:    Try loading font information for T1+ptm on input line 64.

(/usr/local/texlive/2013/texmf-dist/tex/latex/psnfss/t1ptm.fd
File: t1ptm.fd 2001/06/04 font definitions for T1/ptm.
)
Package lastpage Info: Please have a look at the pageslts package at
(lastpage)             http://www.ctan.org/tex-archive/ 
(lastpage)             macros/latex/contrib/pageslts/ 
(lastpage)             or
(lastpage)             http://www.ctan.org/tex-archive/ 
(lastpage)             install/macros/latex/contrib/pageslts.tds.zip
(lastpage)             ! on input line 64.

(/usr/local/texlive/2013/texmf-dist/tex/context/base/supp-pdf.mkii
[Loading MPS to PDF converter (version 2006.09.02).]
\scratchcounter=\count168
\scratchdimen=\dimen196
\scratchbox=\box47
\nofMPsegments=\count169
\nofMParguments=\count170
\everyMPshowfont=\toks43
\MPscratchCnt=\count171
\MPscratchDim=\dimen197
\MPnumerator=\count172
\makeMPintoPDFobject=\count173
\everyMPtoPDFconversion=\toks44
) (/usr/local/texlive/2013/texmf-dist/tex/latex/oberdiek/epstopdf-base.sty
Package: epstopdf-base 2010/02/09 v2.5 Base part for package epstopdf

(/usr/local/texlive/2013/texmf-dist/tex/latex/oberdiek/grfext.sty
Package: grfext 2010/08/19 v1.1 Manage graphics extensions (HO)
)
Package grfext Info: Graphics extension search list:
(grfext)             [.png,.pdf,.jpg,.mps,.jpeg,.jbig2,.jb2,.PNG,.PDF,.JPG,.JPE
G,.JBIG2,.JB2,.eps]
(grfext)             \AppendGraphicsExtensions on input line 452.

(/usr/local/texlive/2013/texmf-dist/tex/latex/latexconfig/epstopdf-sys.cfg
File: epstopdf-sys.cfg 2010/07/13 v1.3 Configuration of (r)epstopdf for TeX Liv
e
))
Package caption Info: Begin \AtBeginDocument code.
Package caption Info: hyperref package is loaded.
Package caption Info: listings package is loaded.
Package caption Info: End \AtBeginDocument code.
\AtBeginShipoutBox=\box48
Package hyperref Info: Link coloring OFF on input line 64.

(/usr/local/texlive/2013/texmf-dist/tex/latex/hyperref/nameref.sty
Package: nameref 2012/10/27 v2.43 Cross-referencing by name of section

(/usr/local/texlive/2013/texmf-dist/tex/generic/oberdiek/gettitlestring.sty
Package: gettitlestring 2010/12/03 v1.4 Cleanup title references (HO)
)
\c@section@level=\count174
)
LaTeX Info: Redefining \ref on input line 64.
LaTeX Info: Redefining \pageref on input line 64.
LaTeX Info: Redefining \nameref on input line 64.

(./Rodrigo_Buhler_Dissertacao_v6.00.out)
(./Rodrigo_Buhler_Dissertacao_v6.00.out)
\@outlinefile=\write4
\openout4 = `Rodrigo_Buhler_Dissertacao_v6.00.out'.

 ABD: EveryShipout initializing macros
\c@lstlisting=\count175

<FolhaCapa.pdf, id=256, 597.23125pt x 845.1575pt>
File: FolhaCapa.pdf Graphic file (type pdf)
 <use FolhaCapa.pdf>
Package pdftex.def Info: FolhaCapa.pdf used on input line 65.
(pdftex.def)             Requested size: 597.22978pt x 845.15544pt.
File: FolhaCapa.pdf Graphic file (type pdf)

<use FolhaCapa.pdf>
Package pdftex.def Info: FolhaCapa.pdf used on input line 65.
(pdftex.def)             Requested size: 597.22978pt x 845.15544pt.
 <FolhaCapa.pdf, id=259, page=1, 597.23125pt x 845.1575pt>
File: FolhaCapa.pdf Graphic file (type pdf)

<use FolhaCapa.pdf, page 1>
Package pdftex.def Info: FolhaCapa.pdf, page1 used on input line 65.
(pdftex.def)             Requested size: 597.22978pt x 845.15544pt.
File: FolhaCapa.pdf Graphic file (type pdf)
 <use FolhaCapa.pdf, page 1>
Package pdftex.def Info: FolhaCapa.pdf, page1 used on input line 65.
(pdftex.def)             Requested size: 597.25711pt x 845.19412pt.
File: FolhaCapa.pdf Graphic file (type pdf)

<use FolhaCapa.pdf, page 1>
Package pdftex.def Info: FolhaCapa.pdf, page1 used on input line 65.
(pdftex.def)             Requested size: 597.25711pt x 845.19412pt.
File: FolhaCapa.pdf Graphic file (type pdf)
 <use FolhaCapa.pdf, page 1>
Package pdftex.def Info: FolhaCapa.pdf, page1 used on input line 65.
(pdftex.def)             Requested size: 597.25711pt x 845.19412pt.
Package babel Info: Redefining portuges shorthand "|
(babel)             in language  on input line 65.
Package babel Info: Redefining portuges shorthand "|
(babel)             in language  on input line 65.
File: FolhaCapa.pdf Graphic file (type pdf)

<use FolhaCapa.pdf, page 1>
Package pdftex.def Info: FolhaCapa.pdf, page1 used on input line 65.
(pdftex.def)             Requested size: 597.25711pt x 845.19412pt.
 [1

 <./FolhaCapa.pdf>]
Package babel Info: Redefining portuges shorthand "|
(babel)             in language  on input line 66.
Package babel Info: Redefining portuges shorthand "|
(babel)             in language  on input line 66.
 [2

]
LaTeX Font Info:    Try loading font information for U+msa on input line 66.

(/usr/local/texlive/2013/texmf-dist/tex/latex/amsfonts/umsa.fd
File: umsa.fd 2013/01/14 v3.01 AMS symbols A
)
LaTeX Font Info:    Try loading font information for U+msb on input line 66.

(/usr/local/texlive/2013/texmf-dist/tex/latex/amsfonts/umsb.fd
File: umsb.fd 2013/01/14 v3.01 AMS symbols B
)
Package babel Info: Redefining portuges shorthand "|
(babel)             in language  on input line 66.
Package babel Info: Redefining portuges shorthand "|
(babel)             in language  on input line 66.
pdfTeX warning (ext4): destination with the same identifier (name{page.1}) has 
been already used, duplicate ignored
<to be read again> 
                   \relax 
l.66 	\folhaderosto
                    [1{/usr/local/texlive/2013/texmf-var/fonts/map/pdftex/updma
p/pdftex.map}]
Package babel Info: Redefining portuges shorthand "|
(babel)             in language  on input line 67.
Package babel Info: Redefining portuges shorthand "|
(babel)             in language  on input line 67.
pdfTeX warning (ext4): destination with the same identifier (name{page.2}) has 
been already used, duplicate ignored
<to be read again> 
                   \relax 
l.67 	\folhadeaprovacao
                        %Não deve ser incluí­da nos TCCs [2

]
<FolhaAprovacao.pdf, id=314, 597.23125pt x 845.1575pt>
File: FolhaAprovacao.pdf Graphic file (type pdf)

<use FolhaAprovacao.pdf>
Package pdftex.def Info: FolhaAprovacao.pdf used on input line 67.
(pdftex.def)             Requested size: 597.22978pt x 845.15544pt.
File: FolhaAprovacao.pdf Graphic file (type pdf)
 <use FolhaAprovacao.pdf>
Package pdftex.def Info: FolhaAprovacao.pdf used on input line 67.
(pdftex.def)             Requested size: 597.22978pt x 845.15544pt.

<FolhaAprovacao.pdf, id=317, page=1, 597.23125pt x 845.1575pt>
File: FolhaAprovacao.pdf Graphic file (type pdf)

<use FolhaAprovacao.pdf, page 1>
Package pdftex.def Info: FolhaAprovacao.pdf, page1 used on input line 67.
(pdftex.def)             Requested size: 597.22978pt x 845.15544pt.
File: FolhaAprovacao.pdf Graphic file (type pdf)
 <use FolhaAprovacao.pdf, page 1>
Package pdftex.def Info: FolhaAprovacao.pdf, page1 used on input line 67.
(pdftex.def)             Requested size: 597.25711pt x 845.19412pt.
File: FolhaAprovacao.pdf Graphic file (type pdf)

<use FolhaAprovacao.pdf, page 1>
Package pdftex.def Info: FolhaAprovacao.pdf, page1 used on input line 67.
(pdftex.def)             Requested size: 597.25711pt x 845.19412pt.
File: FolhaAprovacao.pdf Graphic file (type pdf)
 <use FolhaAprovacao.pdf, page 1>
Package pdftex.def Info: FolhaAprovacao.pdf, page1 used on input line 67.
(pdftex.def)             Requested size: 597.25711pt x 845.19412pt.
Package babel Info: Redefining portuges shorthand "|
(babel)             in language  on input line 67.
Package babel Info: Redefining portuges shorthand "|
(babel)             in language  on input line 67.
File: FolhaAprovacao.pdf Graphic file (type pdf)

<use FolhaAprovacao.pdf, page 1>
Package pdftex.def Info: FolhaAprovacao.pdf, page1 used on input line 67.
(pdftex.def)             Requested size: 597.25711pt x 845.19412pt.
 [3

 <./FolhaAprovacao.pdf>]
Package babel Info: Redefining portuges shorthand "|
(babel)             in language  on input line 69.
Package babel Info: Redefining portuges shorthand "|
(babel)             in language  on input line 69.
 [4

]
Package babel Info: Redefining portuges shorthand "|
(babel)             in language  on input line 84.
Package babel Info: Redefining portuges shorthand "|
(babel)             in language  on input line 84.
 [5]
Package babel Info: Redefining portuges shorthand "|
(babel)             in language  on input line 84.
Package babel Info: Redefining portuges shorthand "|
(babel)             in language  on input line 84.
 [6

]
LaTeX Font Info:    Try loading font information for T1+phv on input line 84.

(/usr/local/texlive/2013/texmf-dist/tex/latex/psnfss/t1phv.fd
File: t1phv.fd 2001/06/04 scalable font definitions for T1/phv.
)
LaTeX Font Info:    Font shape `T1/phv/bx/n' in size <12> not available
(Font)              Font shape `T1/phv/b/n' tried instead on input line 84.
Package babel Info: Redefining portuges shorthand "|
(babel)             in language  on input line 109.
Package babel Info: Redefining portuges shorthand "|
(babel)             in language  on input line 109.
 [7]
Package babel Info: Redefining portuges shorthand "|
(babel)             in language  on input line 109.
Package babel Info: Redefining portuges shorthand "|
(babel)             in language  on input line 109.
 [8

]
LaTeX Font Info:    Font shape `T1/ptm/bx/n' in size <12> not available
(Font)              Font shape `T1/ptm/b/n' tried instead on input line 111.

Overfull \hbox (87.29622pt too wide) in paragraph at lines 111--119
\T1/ptm/b/n/12 Palavras-chave: \T1/ptm/m/n/12 Mo-ni-to-ra-mento Bi-o-ló-gico. E
s-ta-tís-tica. Mo-delo de Equa-ção Es-tru-tu-ral.                              
    [][][][] 
 []

[9] [10

]
Overfull \hbox (3.21254pt too wide) in paragraph at lines 121--125
\T1/ptm/b/n/12 Keywords: \T1/ptm/m/n/12 Biomon-i-tor-ing. Statis-tics. Struc-tu
ral Equa-tion Mod-elling.                                  [][][][] 
 []

Package babel Info: Redefining portuges shorthand "|
(babel)             in language  on input line 125.
Package babel Info: Redefining portuges shorthand "|
(babel)             in language  on input line 125.
[11]
Package babel Info: Redefining portuges shorthand "|
(babel)             in language  on input line 125.
Package babel Info: Redefining portuges shorthand "|
(babel)             in language  on input line 125.
 [12

] (./Rodrigo_Buhler_Dissertacao_v6.00.lof)
\tf@lof=\write5
\openout5 = `Rodrigo_Buhler_Dissertacao_v6.00.lof'.

Package babel Info: Redefining portuges shorthand "|
(babel)             in language  on input line 128.
Package babel Info: Redefining portuges shorthand "|
(babel)             in language  on input line 128.
 [13]
Package babel Info: Redefining portuges shorthand "|
(babel)             in language  on input line 128.
Package babel Info: Redefining portuges shorthand "|
(babel)             in language  on input line 128.
 [14

]
(./Rodrigo_Buhler_Dissertacao_v6.00.lot)
\tf@lot=\write6
\openout6 = `Rodrigo_Buhler_Dissertacao_v6.00.lot'.

Package babel Info: Redefining portuges shorthand "|
(babel)             in language  on input line 132.
Package babel Info: Redefining portuges shorthand "|
(babel)             in language  on input line 132.
 [15]
Package babel Info: Redefining portuges shorthand "|
(babel)             in language  on input line 132.
Package babel Info: Redefining portuges shorthand "|
(babel)             in language  on input line 132.
 [16

]
Package babel Info: Redefining portuges shorthand "|
(babel)             in language  on input line 159.
Package babel Info: Redefining portuges shorthand "|
(babel)             in language  on input line 159.
 [17]
Package babel Info: Redefining portuges shorthand "|
(babel)             in language  on input line 159.
Package babel Info: Redefining portuges shorthand "|
(babel)             in language  on input line 159.
 [18

]
(./Rodrigo_Buhler_Dissertacao_v6.00.toc
Package babel Info: Redefining portuges shorthand "|
(babel)             in language  on input line 48.
Package babel Info: Redefining portuges shorthand "|
(babel)             in language  on input line 48.
 [19])
\tf@toc=\write7
\openout7 = `Rodrigo_Buhler_Dissertacao_v6.00.toc'.

Package babel Info: Redefining portuges shorthand "|
(babel)             in language  on input line 162.
Package babel Info: Redefining portuges shorthand "|
(babel)             in language  on input line 162.
 [20]
Package babel Info: Redefining portuges shorthand "|
(babel)             in language  on input line 162.
Package babel Info: Redefining portuges shorthand "|
(babel)             in language  on input line 169.

<imagens/biomonitoramento.png, id=565, 543.9522pt x 407.121pt>
File: imagens/biomonitoramento.png Graphic file (type png)

<use imagens/biomonitoramento.png>
Package pdftex.def Info: imagens/biomonitoramento.png used on input line 175.
(pdftex.def)             Requested size: 256.0748pt x 191.66371pt.
Package babel Info: Redefining portuges shorthand "|
(babel)             in language  on input line 181.
Package babel Info: Redefining portuges shorthand "|
(babel)             in language  on input line 181.
 [21

]
Package babel Info: Redefining portuges shorthand "|
(babel)             in language  on input line 189.
Package babel Info: Redefining portuges shorthand "|
(babel)             in language  on input line 189.
 [22 <./imagens/biomonitoramento.png>]
Package babel Info: Redefining portuges shorthand "|
(babel)             in language  on input line 192.
Package babel Info: Redefining portuges shorthand "|
(babel)             in language  on input line 193.
LaTeX Font Info:    Try loading font information for OMS+ptm on input line 198.


(/usr/local/texlive/2013/texmf-dist/tex/latex/psnfss/omsptm.fd
File: omsptm.fd 
)
LaTeX Font Info:    Font shape `OMS/ptm/m/n' in size <12> not available
(Font)              Font shape `OMS/cmsy/m/n' tried instead on input line 198.
Package babel Info: Redefining portuges shorthand "|
(babel)             in language  on input line 201.
Package babel Info: Redefining portuges shorthand "|
(babel)             in language  on input line 201.
 [23]
Package babel Info: Redefining portuges shorthand "|
(babel)             in language  on input line 204.
Package babel Info: Redefining portuges shorthand "|
(babel)             in language  on input line 207.
Package babel Info: Redefining portuges shorthand "|
(babel)             in language  on input line 216.
Package babel Info: Redefining portuges shorthand "|
(babel)             in language  on input line 216.
 [24]
Package babel Info: Redefining portuges shorthand "|
(babel)             in language  on input line 219.
Package babel Info: Redefining portuges shorthand "|
(babel)             in language  on input line 226.
Package babel Info: Redefining portuges shorthand "|
(babel)             in language  on input line 229.
Package babel Info: Redefining portuges shorthand "|
(babel)             in language  on input line 229.

[25]
Package babel Info: Redefining portuges shorthand "|
(babel)             in language  on input line 229.
Package babel Info: Redefining portuges shorthand "|
(babel)             in language  on input line 229.
 [26

]
Package babel Info: Redefining portuges shorthand "|
(babel)             in language  on input line 229.
Package babel Info: Redefining portuges shorthand "|
(babel)             in language  on input line 236.
Package babel Info: Redefining portuges shorthand "|
(babel)             in language  on input line 242.
Package babel Info: Redefining portuges shorthand "|
(babel)             in language  on input line 242.
 [27]
Package babel Info: Redefining portuges shorthand "|
(babel)             in language  on input line 245.
Package babel Info: Redefining portuges shorthand "|
(babel)             in language  on input line 250.
Package babel Info: Redefining portuges shorthand "|
(babel)             in language  on input line 258.
Package babel Info: Redefining portuges shorthand "|
(babel)             in language  on input line 258.
 [28]
Package babel Info: Redefining portuges shorthand "|
(babel)             in language  on input line 259.
Package babel Info: Redefining portuges shorthand "|
(babel)             in language  on input line 264.
Package babel Info: Redefining portuges shorthand "|
(babel)             in language  on input line 272.
Package babel Info: Redefining portuges shorthand "|
(babel)             in language  on input line 272.
 [29]
Package babel Info: Redefining portuges shorthand "|
(babel)             in language  on input line 275.
Package babel Info: Redefining portuges shorthand "|
(babel)             in language  on input line 285.
Package babel Info: Redefining portuges shorthand "|
(babel)             in language  on input line 285.
 [30]
Package babel Info: Redefining portuges shorthand "|
(babel)             in language  on input line 286.
Package babel Info: Redefining portuges shorthand "|
(babel)             in language  on input line 295.
Package babel Info: Redefining portuges shorthand "|
(babel)             in language  on input line 295.
 [31]
Package babel Info: Redefining portuges shorthand "|
(babel)             in language  on input line 295.
Package babel Info: Redefining portuges shorthand "|
(babel)             in language  on input line 295.
 [32

]
Package babel Info: Redefining portuges shorthand "|
(babel)             in language  on input line 295.
Package babel Info: Redefining portuges shorthand "|
(babel)             in language  on input line 300.
Package babel Info: Redefining portuges shorthand "|
(babel)             in language  on input line 309.

Underfull \vbox (badness 10000) has occurred while \output is active []

Package babel Info: Redefining portuges shorthand "|
(babel)             in language  on input line 311.
Package babel Info: Redefining portuges shorthand "|
(babel)             in language  on input line 311.
 [33]
Package babel Info: Redefining portuges shorthand "|
(babel)             in language  on input line 316.
Package babel Info: Redefining portuges shorthand "|
(babel)             in language  on input line 325.

Underfull \vbox (badness 10000) has occurred while \output is active []

Package babel Info: Redefining portuges shorthand "|
(babel)             in language  on input line 327.
Package babel Info: Redefining portuges shorthand "|
(babel)             in language  on input line 327.
 [34]
Package babel Info: Redefining portuges shorthand "|
(babel)             in language  on input line 332.
Package babel Info: Redefining portuges shorthand "|
(babel)             in language  on input line 339.

Underfull \vbox (badness 10000) has occurred while \output is active []

Package babel Info: Redefining portuges shorthand "|
(babel)             in language  on input line 341.
Package babel Info: Redefining portuges shorthand "|
(babel)             in language  on input line 341.
 [35]
Package babel Info: Redefining portuges shorthand "|
(babel)             in language  on input line 357.
Package babel Info: Redefining portuges shorthand "|
(babel)             in language  on input line 357.

[36]
Underfull \hbox (badness 10000) in alignment at lines 385--385
[][][][]
 []

Package babel Info: Redefining portuges shorthand "|
(babel)             in language  on input line 391.
Package babel Info: Redefining portuges shorthand "|
(babel)             in language  on input line 391.
[37]
Package babel Info: Redefining portuges shorthand "|
(babel)             in language  on input line 396.
Package babel Info: Redefining portuges shorthand "|
(babel)             in language  on input line 396.
 [38]
Package babel Info: Redefining portuges shorthand "|
(babel)             in language  on input line 396.
Package babel Info: Redefining portuges shorthand "|
(babel)             in language  on input line 402.
 <imagens/Biomon_visao_geral.png, id=903, 621.32124pt x 396.48125pt>
File: imagens/Biomon_visao_geral.png Graphic file (type png)

<use imagens/Biomon_visao_geral.png>
Package pdftex.def Info: imagens/Biomon_visao_geral.png used on input line 412.

(pdftex.def)             Requested size: 341.43306pt x 217.8778pt.
Package babel Info: Redefining portuges shorthand "|
(babel)             in language  on input line 419.
Package babel Info: Redefining portuges shorthand "|
(babel)             in language  on input line 421.

Underfull \vbox (badness 10000) has occurred while \output is active []

Package babel Info: Redefining portuges shorthand "|
(babel)             in language  on input line 423.
Package babel Info: Redefining portuges shorthand "|
(babel)             in language  on input line 423.
 [39

]
<imagens/Camada_Visoes.png, id=913, 662.475pt x 196.735pt>
File: imagens/Camada_Visoes.png Graphic file (type png)

<use imagens/Camada_Visoes.png>
Package pdftex.def Info: imagens/Camada_Visoes.png used on input line 429.
(pdftex.def)             Requested size: 398.33858pt x 118.29405pt.
Package babel Info: Redefining portuges shorthand "|
(babel)             in language  on input line 434.

Underfull \vbox (badness 1173) has occurred while \output is active []

Package babel Info: Redefining portuges shorthand "|
(babel)             in language  on input line 438.
Package babel Info: Redefining portuges shorthand "|
(babel)             in language  on input line 438.
 [40 <./imagens/Biomon_visao_geral.png>]
<imagens/Camada_Controladores.png, id=920, 634.37pt x 172.645pt>
File: imagens/Camada_Controladores.png Graphic file (type png)

<use imagens/Camada_Controladores.png>
Package pdftex.def Info: imagens/Camada_Controladores.png used on input line 44
2.
(pdftex.def)             Requested size: 398.33858pt x 108.41127pt.
Package babel Info: Redefining portuges shorthand "|
(babel)             in language  on input line 447.
Package babel Info: Redefining portuges shorthand "|
(babel)             in language  on input line 451.
Package babel Info: Redefining portuges shorthand "|
(babel)             in language  on input line 451.
 [41 <./imagens/Camada_Visoes.png> <./imagens/Camada_Controladores.png>]
<imagens/Camada_Modelo.png, id=933, 1083.04625pt x 211.79124pt>
File: imagens/Camada_Modelo.png Graphic file (type png)

<use imagens/Camada_Modelo.png>
Package pdftex.def Info: imagens/Camada_Modelo.png used on input line 463.
(pdftex.def)             Requested size: 398.33858pt x 77.89616pt.
Package babel Info: Redefining portuges shorthand "|
(babel)             in language  on input line 468.
Package babel Info: Redefining portuges shorthand "|
(babel)             in language  on input line 471.
Package babel Info: Redefining portuges shorthand "|
(babel)             in language  on input line 471.
 [42 <./imagens/Camada_Modelo.png>]
Package babel Info: Redefining portuges shorthand "|
(babel)             in language  on input line 471.

<imagens/1_Logical_View.png, id=944, 608.2725pt x 374.39874pt>
File: imagens/1_Logical_View.png Graphic file (type png)

<use imagens/1_Logical_View.png>
Package pdftex.def Info: imagens/1_Logical_View.png used on input line 477.
(pdftex.def)             Requested size: 341.43306pt x 210.15887pt.
Package babel Info: Redefining portuges shorthand "|
(babel)             in language  on input line 482.
Package babel Info: Redefining portuges shorthand "|
(babel)             in language  on input line 487.
Package babel Info: Redefining portuges shorthand "|
(babel)             in language  on input line 487.
 [43 <./imagens/1_Logical_View.png>]
<imagens/2_Process_View.png, id=951, 455.7025pt x 485.815pt>
File: imagens/2_Process_View.png Graphic file (type png)

<use imagens/2_Process_View.png>
Package pdftex.def Info: imagens/2_Process_View.png used on input line 492.
(pdftex.def)             Requested size: 341.43306pt x 364.00453pt.
Package babel Info: Redefining portuges shorthand "|
(babel)             in language  on input line 497.

<imagens/3_Development_View.png, id=953, 713.66624pt x 451.6875pt>
File: imagens/3_Development_View.png Graphic file (type png)

<use imagens/3_Development_View.png>
Package pdftex.def Info: imagens/3_Development_View.png used on input line 503.

(pdftex.def)             Requested size: 341.43306pt x 216.09763pt.
Package babel Info: Redefining portuges shorthand "|
(babel)             in language  on input line 506.
Package babel Info: Redefining portuges shorthand "|
(babel)             in language  on input line 506.
 [44 <./imagens/2_Process_View.png>]
Package babel Info: Redefining portuges shorthand "|
(babel)             in language  on input line 508.

<imagens/4_Physical_View.png, id=960, 707.64375pt x 183.68625pt>
File: imagens/4_Physical_View.png Graphic file (type png)

<use imagens/4_Physical_View.png>
Package pdftex.def Info: imagens/4_Physical_View.png used on input line 514.
(pdftex.def)             Requested size: 341.43306pt x 88.62804pt.
Package babel Info: Redefining portuges shorthand "|
(babel)             in language  on input line 519.
Package babel Info: Redefining portuges shorthand "|
(babel)             in language  on input line 521.
Package babel Info: Redefining portuges shorthand "|
(babel)             in language  on input line 521.
 [45 <./imagens/3_Development_View.png> <./imagens/4_Physical_View.png>]
<imagens/+1_Scenario_View.png, id=968, 706.64pt x 431.6125pt>
File: imagens/+1_Scenario_View.png Graphic file (type png)

<use imagens/+1_Scenario_View.png>
Package pdftex.def Info: imagens/+1_Scenario_View.png used on input line 533.
(pdftex.def)             Requested size: 341.43306pt x 208.54808pt.
Package babel Info: Redefining portuges shorthand "|
(babel)             in language  on input line 538.
Package babel Info: Redefining portuges shorthand "|
(babel)             in language  on input line 540.
Package babel Info: Redefining portuges shorthand "|
(babel)             in language  on input line 540.
 [46 <./imagens/+1_Scenario_View.png>]
Package babel Info: Redefining portuges shorthand "|
(babel)             in language  on input line 547.
Package babel Info: Redefining portuges shorthand "|
(babel)             in language  on input line 547.

[47]
Package babel Info: Redefining portuges shorthand "|
(babel)             in language  on input line 547.
Package babel Info: Redefining portuges shorthand "|
(babel)             in language  on input line 547.
 [48

]
Package babel Info: Redefining portuges shorthand "|
(babel)             in language  on input line 547.
Package babel Info: Redefining portuges shorthand "|
(babel)             in language  on input line 550.
Package babel Info: Redefining portuges shorthand "|
(babel)             in language  on input line 553.
Package babel Info: Redefining portuges shorthand "|
(babel)             in language  on input line 558.
Package babel Info: Redefining portuges shorthand "|
(babel)             in language  on input line 563.
Package babel Info: Redefining portuges shorthand "|
(babel)             in language  on input line 563.
 [49]
Package babel Info: Redefining portuges shorthand "|
(babel)             in language  on input line 569.
Package babel Info: Redefining portuges shorthand "|
(babel)             in language  on input line 572.
Package babel Info: Redefining portuges shorthand "|
(babel)             in language  on input line 577.
Package babel Info: Redefining portuges shorthand "|
(babel)             in language  on input line 577.
 [50]
Package babel Info: Redefining portuges shorthand "|
(babel)             in language  on input line 615.
Package babel Info: Redefining portuges shorthand "|
(babel)             in language  on input line 615.
 [51]
Package babel Info: Redefining portuges shorthand "|
(babel)             in language  on input line 652.
Package babel Info: Redefining portuges shorthand "|
(babel)             in language  on input line 652.
 [52]
<imagens/AnalyzFileTXT.png, id=1033, 251.94125pt x 122.4575pt>
File: imagens/AnalyzFileTXT.png Graphic file (type png)

<use imagens/AnalyzFileTXT.png>
Package pdftex.def Info: imagens/AnalyzFileTXT.png used on input line 657.
(pdftex.def)             Requested size: 227.62204pt x 110.63673pt.

<imagens/AnalyzFileXLSX.png, id=1035, 345.29pt x 102.3825pt>
File: imagens/AnalyzFileXLSX.png Graphic file (type png)

<use imagens/AnalyzFileXLSX.png>
Package pdftex.def Info: imagens/AnalyzFileXLSX.png used on input line 667.
(pdftex.def)             Requested size: 341.43306pt x 101.24025pt.
Package babel Info: Redefining portuges shorthand "|
(babel)             in language  on input line 681.
Package babel Info: Redefining portuges shorthand "|
(babel)             in language  on input line 681.
 [53 <./imagens/AnalyzFileTXT.png> <./imagens/AnalyzFileXLSX.png>]
Package babel Info: Redefining portuges shorthand "|
(babel)             in language  on input line 682.
Package babel Info: Redefining portuges shorthand "|
(babel)             in language  on input line 713.
Package babel Info: Redefining portuges shorthand "|
(babel)             in language  on input line 713.
 [54]
Package babel Info: Redefining portuges shorthand "|
(babel)             in language  on input line 732.
Package babel Info: Redefining portuges shorthand "|
(babel)             in language  on input line 732.
 [55]
Package babel Info: Redefining portuges shorthand "|
(babel)             in language  on input line 750.
Package babel Info: Redefining portuges shorthand "|
(babel)             in language  on input line 750.
 [56]
Package babel Info: Redefining portuges shorthand "|
(babel)             in language  on input line 753.
Package babel Info: Redefining portuges shorthand "|
(babel)             in language  on input line 758.

Overfull \hbox (36.66733pt too wide) in paragraph at lines 763--772
[][] 
 []

<imagens/DataMatrix.png, id=1075, 480.79625pt x 188.705pt>
File: imagens/DataMatrix.png Graphic file (type png)

<use imagens/DataMatrix.png>
Package pdftex.def Info: imagens/DataMatrix.png used on input line 781.
(pdftex.def)             Requested size: 341.43306pt x 134.01027pt.
Package babel Info: Redefining portuges shorthand "|
(babel)             in language  on input line 786.

Underfull \vbox (badness 5460) has occurred while \output is active []

Package babel Info: Redefining portuges shorthand "|
(babel)             in language  on input line 788.
Package babel Info: Redefining portuges shorthand "|
(babel)             in language  on input line 788.
 [57]
<imagens/biomonGUI.png, id=1082, 922.44624pt x 674.52pt>
File: imagens/biomonGUI.png Graphic file (type png)

<use imagens/biomonGUI.png>
Package pdftex.def Info: imagens/biomonGUI.png used on input line 792.
(pdftex.def)             Requested size: 341.43306pt x 249.66112pt.
Package babel Info: Redefining portuges shorthand "|
(babel)             in language  on input line 798.
Package babel Info: Redefining portuges shorthand "|
(babel)             in language  on input line 798.
 [58 <./imagens/DataMatrix.png> <./imagens/biomonGUI.png>]
Package babel Info: Redefining portuges shorthand "|
(babel)             in language  on input line 799.

<imagens/biomonGUI_Repositories.png, id=1092, 611.28375pt x 211.79124pt>
File: imagens/biomonGUI_Repositories.png Graphic file (type png)

<use imagens/biomonGUI_Repositories.png>
Package pdftex.def Info: imagens/biomonGUI_Repositories.png used on input line 
831.
(pdftex.def)             Requested size: 284.52756pt x 98.57886pt.

<imagens/biomonGUI_Analysis.png, id=1094, 279.0425pt x 132.495pt>
File: imagens/biomonGUI_Analysis.png Graphic file (type png)

<use imagens/biomonGUI_Analysis.png>
Package pdftex.def Info: imagens/biomonGUI_Analysis.png used on input line 841.

(pdftex.def)             Requested size: 142.26378pt x 67.55133pt.

<imagens/biomonGUI_Data.png, id=1096, 286.06876pt x 244.915pt>
File: imagens/biomonGUI_Data.png Graphic file (type png)

<use imagens/biomonGUI_Data.png>
Package pdftex.def Info: imagens/biomonGUI_Data.png used on input line 851.
(pdftex.def)             Requested size: 142.26378pt x 121.79945pt.
Package babel Info: Redefining portuges shorthand "|
(babel)             in language  on input line 857.
Package babel Info: Redefining portuges shorthand "|
(babel)             in language  on input line 857.
 [59]
<imagens/biomonGUI_Execute.png, id=1103, 247.92625pt x 110.4125pt>
File: imagens/biomonGUI_Execute.png Graphic file (type png)

<use imagens/biomonGUI_Execute.png>
Package pdftex.def Info: imagens/biomonGUI_Execute.png used on input line 861.
(pdftex.def)             Requested size: 170.71652pt x 76.02802pt.
Package babel Info: Redefining portuges shorthand "|
(babel)             in language  on input line 867.

Underfull \vbox (badness 10000) has occurred while \output is active []

Package babel Info: Redefining portuges shorthand "|
(babel)             in language  on input line 869.
Package babel Info: Redefining portuges shorthand "|
(babel)             in language  on input line 869.
 [60 <./imagens/biomonGUI_Repositories.png> <./imagens/biomonGUI_Analysis.png> 
<./imagens/biomonGUI_Data.png>]
Package babel Info: Redefining portuges shorthand "|
(babel)             in language  on input line 870.

<imagens/Class_diagram.png, id=1112, 303.1325pt x 404.51125pt>
File: imagens/Class_diagram.png Graphic file (type png)

<use imagens/Class_diagram.png>
Package pdftex.def Info: imagens/Class_diagram.png used on input line 876.
(pdftex.def)             Requested size: 170.71652pt x 227.81476pt.

<imagens/Sequence_diagram.png, id=1114, 1086.0575pt x 826.08624pt>
File: imagens/Sequence_diagram.png Graphic file (type png)

<use imagens/Sequence_diagram.png>
Package pdftex.def Info: imagens/Sequence_diagram.png used on input line 886.
(pdftex.def)             Requested size: 512.1496pt x 389.5715pt.

Overfull \hbox (56.90549pt too wide) in paragraph at lines 886--887
 [][] 
 []

Package babel Info: Redefining portuges shorthand "|
(babel)             in language  on input line 891.
Package babel Info: Redefining portuges shorthand "|
(babel)             in language  on input line 891.
[61 <./imagens/biomonGUI_Execute.png>]
Package babel Info: Redefining portuges shorthand "|
(babel)             in language  on input line 891.
Package babel Info: Redefining portuges shorthand "|
(babel)             in language  on input line 891.
 [62 <./imagens/Class_diagram.png>]
Package babel Info: Redefining portuges shorthand "|
(babel)             in language  on input line 891.
Package babel Info: Redefining portuges shorthand "|
(babel)             in language  on input line 891.

[63 <./imagens/Sequence_diagram.png>]
Package babel Info: Redefining portuges shorthand "|
(babel)             in language  on input line 891.
Package babel Info: Redefining portuges shorthand "|
(babel)             in language  on input line 891.
 [64

]
Package babel Info: Redefining portuges shorthand "|
(babel)             in language  on input line 891.
Package babel Info: Redefining portuges shorthand "|
(babel)             in language  on input line 895.
Package babel Info: Redefining portuges shorthand "|
(babel)             in language  on input line 917.
Package babel Info: Redefining portuges shorthand "|
(babel)             in language  on input line 919.
Package babel Info: Redefining portuges shorthand "|
(babel)             in language  on input line 919.
 [65]
Package babel Info: Redefining portuges shorthand "|
(babel)             in language  on input line 922.
Package babel Info: Redefining portuges shorthand "|
(babel)             in language  on input line 955.
Package babel Info: Redefining portuges shorthand "|
(babel)             in language  on input line 955.
 [66]
Package babel Info: Redefining portuges shorthand "|
(babel)             in language  on input line 958.

<imagens/TAM_uso.png, id=1164, 538.01pt x 516.93124pt>
File: imagens/TAM_uso.png Graphic file (type png)

<use imagens/TAM_uso.png>
Package pdftex.def Info: imagens/TAM_uso.png used on input line 966.
(pdftex.def)             Requested size: 227.62204pt x 218.70296pt.
Package babel Info: Redefining portuges shorthand "|
(babel)             in language  on input line 974.
Package babel Info: Redefining portuges shorthand "|
(babel)             in language  on input line 974.
 [67 <./imagens/TAM_uso.png>]
<imagens/TAM_uso_questoes.png, id=1172, 1003.75pt x 398.48875pt>
File: imagens/TAM_uso_questoes.png Graphic file (type png)

<use imagens/TAM_uso_questoes.png>
Package pdftex.def Info: imagens/TAM_uso_questoes.png used on input line 978.
(pdftex.def)             Requested size: 369.88582pt x 146.84872pt.
Package babel Info: Redefining portuges shorthand "|
(babel)             in language  on input line 983.

<imagens/TAM_utilidade.png, id=1176, 538.01pt x 550.055pt>
File: imagens/TAM_utilidade.png Graphic file (type png)

<use imagens/TAM_utilidade.png>
Package pdftex.def Info: imagens/TAM_utilidade.png used on input line 991.
(pdftex.def)             Requested size: 227.62204pt x 232.71693pt.
Package babel Info: Redefining portuges shorthand "|
(babel)             in language  on input line 1001.
Package babel Info: Redefining portuges shorthand "|
(babel)             in language  on input line 1001.
 [68 <./imagens/TAM_uso_questoes.png>]
<imagens/TAM_utilidade_questoes.png, id=1183, 1002.74625pt x 400.49625pt>
File: imagens/TAM_utilidade_questoes.png Graphic file (type png)

<use imagens/TAM_utilidade_questoes.png>
Package pdftex.def Info: imagens/TAM_utilidade_questoes.png used on input line 
1005.
(pdftex.def)             Requested size: 369.88582pt x 147.73518pt.
Package babel Info: Redefining portuges shorthand "|
(babel)             in language  on input line 1015.
Package babel Info: Redefining portuges shorthand "|
(babel)             in language  on input line 1015.
 [69 <./imagens/TAM_utilidade.png> <./imagens/TAM_utilidade_questoes.png>]
Package babel Info: Redefining portuges shorthand "|
(babel)             in language  on input line 1020.
Package babel Info: Redefining portuges shorthand "|
(babel)             in language  on input line 1020.
 [70]
Package babel Info: Redefining portuges shorthand "|
(babel)             in language  on input line 1020.
Package babel Info: Redefining portuges shorthand "|
(babel)             in language  on input line 1025.
Package babel Info: Redefining portuges shorthand "|
(babel)             in language  on input line 1035.
Package babel Info: Redefining portuges shorthand "|
(babel)             in language  on input line 1035.
 [71

]
Package babel Info: Redefining portuges shorthand "|
(babel)             in language  on input line 1044.
Package babel Info: Redefining portuges shorthand "|
(babel)             in language  on input line 1048.
Package babel Info: Redefining portuges shorthand "|
(babel)             in language  on input line 1048.
 [72]
Underfull \hbox (badness 10000) in alignment at lines 1078--1078
[][][][]
 []


LaTeX Warning: `h' float specifier changed to `ht'.

Package babel Info: Redefining portuges shorthand "|
(babel)             in language  on input line 1083.
Package babel Info: Redefining portuges shorthand "|
(babel)             in language  on input line 1087.
Package babel Info: Redefining portuges shorthand "|
(babel)             in language  on input line 1087.
[73] (./Rodrigo_Buhler_Dissertacao_v6.00.bbl
Package babel Info: Redefining portuges shorthand "|
(babel)             in language  on input line 1.
Package babel Info: Redefining portuges shorthand "|
(babel)             in language  on input line 1.
 [74]
Package babel Info: Redefining portuges shorthand "|
(babel)             in language  on input line 1.

Underfull \hbox (badness 10000) detected at line 4
[][]
 []


Underfull \hbox (badness 10000) detected at line 9
[][]
 []


Underfull \hbox (badness 10000) detected at line 16
[][]
 []


Underfull \hbox (badness 10000) detected at line 22
[][]
 []


Underfull \hbox (badness 10000) detected at line 26
[][]
 []


Underfull \hbox (badness 10000) detected at line 30
[][]
 []


Underfull \hbox (badness 10000) detected at line 36
[][]
 []


Underfull \hbox (badness 10000) detected at line 40
[][]
 []


Underfull \hbox (badness 10000) detected at line 46
[][]
 []


Underfull \hbox (badness 10000) detected at line 51
[][]
 []


Underfull \hbox (badness 10000) detected at line 57
[][]
 []


Underfull \hbox (badness 10000) detected at line 61
[][]
 []


Underfull \hbox (badness 10000) detected at line 66
[][]
 []

Package babel Info: Redefining portuges shorthand "|
(babel)             in language  on input line 72.
Package babel Info: Redefining portuges shorthand "|
(babel)             in language  on input line 72.
[75

]
Underfull \hbox (badness 10000) detected at line 72
[][]
 []


Underfull \hbox (badness 10000) detected at line 76
[][]
 []


Underfull \hbox (badness 10000) detected at line 80
[][]
 []


Underfull \hbox (badness 10000) detected at line 84
[][]
 []


Underfull \hbox (badness 10000) detected at line 88
[][]
 []


Underfull \hbox (badness 10000) detected at line 94
[][]
 []


Underfull \hbox (badness 10000) detected at line 98
[][]
 []


Underfull \hbox (badness 10000) detected at line 103
[][]
 []


Underfull \hbox (badness 10000) detected at line 108
[][]
 []


Underfull \hbox (badness 10000) detected at line 115
[][]
 []


Underfull \hbox (badness 10000) detected at line 120
[][]
 []


Underfull \hbox (badness 10000) detected at line 125
[][]
 []


Underfull \hbox (badness 10000) detected at line 130
[][]
 []


Underfull \hbox (badness 10000) detected at line 135
[][]
 []


Underfull \hbox (badness 10000) detected at line 139
[][]
 []

Package babel Info: Redefining portuges shorthand "|
(babel)             in language  on input line 145.
Package babel Info: Redefining portuges shorthand "|
(babel)             in language  on input line 145.
[76]
Underfull \hbox (badness 10000) detected at line 146
[][]
 []


Underfull \hbox (badness 10000) detected at line 150
[][]
 []


Underfull \hbox (badness 10000) detected at line 154
[][]
 []


Underfull \hbox (badness 10000) detected at line 158
[][]
 []


Underfull \hbox (badness 10000) detected at line 163
[][]
 []


Underfull \hbox (badness 10000) detected at line 168
[][]
 []


Underfull \hbox (badness 10000) detected at line 174
[][]
 []


Underfull \hbox (badness 10000) detected at line 178
[][]
 []


Underfull \hbox (badness 10000) detected at line 182
[][]
 []


Underfull \hbox (badness 10000) detected at line 186
[][]
 []


Underfull \hbox (badness 10000) detected at line 189
[][]
 []


Underfull \hbox (badness 10000) detected at line 192
[][]
 []


Underfull \hbox (badness 10000) detected at line 197
[][]
 []


Underfull \hbox (badness 10000) detected at line 202
[][]
 []


Underfull \hbox (badness 10000) detected at line 207
[][]
 []


Underfull \hbox (badness 10000) detected at line 212
[][]
 []

Package babel Info: Redefining portuges shorthand "|
(babel)             in language  on input line 216.
Package babel Info: Redefining portuges shorthand "|
(babel)             in language  on input line 216.
[77]
Underfull \hbox (badness 10000) detected at line 216
[][]
 []


Underfull \hbox (badness 10000) detected at line 220
[][]
 []


Underfull \hbox (badness 10000) detected at line 224
[][]
 []


Underfull \hbox (badness 10000) detected at line 230
[][]
 []


Underfull \hbox (badness 10000) detected at line 236
[][]
 []


Underfull \hbox (badness 10000) detected at line 240
[][]
 []


Underfull \hbox (badness 10000) detected at line 243
[][]
 []


Underfull \hbox (badness 10000) detected at line 247
[][]
 []


Underfull \hbox (badness 10000) detected at line 253
[][]
 []


Underfull \hbox (badness 10000) detected at line 256
[][]
 []


Underfull \hbox (badness 10000) detected at line 260
[][]
 []


Underfull \hbox (badness 10000) detected at line 264
[][]
 []


Underfull \hbox (badness 10000) detected at line 269
[][]
 []


Underfull \hbox (badness 10000) detected at line 274
[][]
 []


Underfull \hbox (badness 10000) detected at line 277
[][]
 []


Underfull \hbox (badness 10000) detected at line 280
[][]
 []


Underfull \hbox (badness 10000) detected at line 283
[][]
 []


Underfull \hbox (badness 10000) detected at line 289
[][]
 []

Package babel Info: Redefining portuges shorthand "|
(babel)             in language  on input line 293.
Package babel Info: Redefining portuges shorthand "|
(babel)             in language  on input line 293.
[78])
Package babel Info: Redefining portuges shorthand "|
(babel)             in language  on input line 1094.
Package babel Info: Redefining portuges shorthand "|
(babel)             in language  on input line 1094.
 [79]
Package babel Info: Redefining portuges shorthand "|
(babel)             in language  on input line 1094.
Package babel Info: Redefining portuges shorthand "|
(babel)             in language  on input line 1094.
 [80

]
Package babel Info: Redefining portuges shorthand "|
(babel)             in language  on input line 1094.
 (./Caso_de_Estudo.tex
Package babel Info: Redefining portuges shorthand "|
(babel)             in language  on input line 47.
Package babel Info: Redefining portuges shorthand "|
(babel)             in language  on input line 47.
 [81]
Underfull \hbox (badness 10000) in paragraph at lines 71--72

 []


Underfull \hbox (badness 10000) in paragraph at lines 74--75

 []

LaTeX Font Info:    Try loading font information for T1+pcr on input line 77.
(/usr/local/texlive/2013/texmf-dist/tex/latex/psnfss/t1pcr.fd
File: t1pcr.fd 2001/06/04 font definitions for T1/pcr.
)
Package babel Info: Redefining portuges shorthand "|
(babel)             in language  on input line 78.
Package babel Info: Redefining portuges shorthand "|
(babel)             in language  on input line 78.
 [82]
Underfull \hbox (badness 10000) in paragraph at lines 80--83

 []

)
Package babel Info: Redefining portuges shorthand "|
(babel)             in language  on input line 1098.
Package babel Info: Redefining portuges shorthand "|
(babel)             in language  on input line 1098.
 [83]
Package babel Info: Redefining portuges shorthand "|
(babel)             in language  on input line 1098.
Package babel Info: Redefining portuges shorthand "|
(babel)             in language  on input line 1098.
 [84

]
Package babel Info: Redefining portuges shorthand "|
(babel)             in language  on input line 1098.
 (./Pesquisa_TAM.tex
Underfull \hbox (badness 10000) in paragraph at lines 8--12

 []

Package babel Info: Redefining portuges shorthand "|
(babel)             in language  on input line 44.
Package babel Info: Redefining portuges shorthand "|
(babel)             in language  on input line 44.
[85]
Underfull \hbox (badness 10000) in paragraph at lines 45--47

 []

) 
AED: lastpage setting LastPage
Package babel Info: Redefining portuges shorthand "|
(babel)             in language  on input line 1103.
Package babel Info: Redefining portuges shorthand "|
(babel)             in language  on input line 1103.
[86]
Package babel Info: Redefining portuges shorthand "|
(babel)             in language  on input line 1103.
Package atveryend Info: Empty hook `BeforeClearDocument' on input line 1103.
Package atveryend Info: Empty hook `AfterLastShipout' on input line 1103.
 (./Rodrigo_Buhler_Dissertacao_v6.00.aux)
Package atveryend Info: Executing hook `AtVeryEndDocument' on input line 1103.
Package atveryend Info: Executing hook `AtEndAfterFileList' on input line 1103.

Package rerunfilecheck Info: File `Rodrigo_Buhler_Dissertacao_v6.00.out' has no
t changed.
(rerunfilecheck)             Checksum: AAC1871770FB2581AA08C2DF0A2F472E;4106.
Package atveryend Info: Empty hook `AtVeryVeryEnd' on input line 1103.
 ) 
Here is how much of TeX's memory you used:
 22812 strings out of 493308
 424568 string characters out of 6137816
 505410 words of memory out of 5000000
 25527 multiletter control sequences out of 15000+600000
 33558 words of font info for 51 fonts, out of 8000000 for 9000
 957 hyphenation exceptions out of 8191
 62i,18n,65p,1997b,610s stack positions out of 5000i,500n,10000p,200000b,80000s
pdfTeX warning (dest): name{cite.2014.Marangunic} has been referenced but doe
s not exist, replaced by a fixed one

pdfTeX warning (dest): name{cite.1932.likert} has been referenced but does not 
exist, replaced by a fixed one

pdfTeX warning (dest): name{cite.1989.Davis} has been referenced but does not e
xist, replaced by a fixed one

pdfTeX warning (dest): name{cite.1975.Fishbein} has been referenced but does no
t exist, replaced by a fixed one

pdfTeX warning (dest): name{cite.1993.Davis} has been referenced but does not e
xist, replaced by a fixed one

pdfTeX warning (dest): name{cite.2009.Pillar} has been referenced but does not 
exist, replaced by a fixed one

pdfTeX warning (dest): name{cite.2014.TheR} has been referenced but does not ex
ist, replaced by a fixed one

pdfTeX warning (dest): name{cite.2014.FSF} has been referenced but does not exi
st, replaced by a fixed one

pdfTeX warning (dest): name{cite.2014.GPL} has been referenced but does not exi
st, replaced by a fixed one

pdfTeX warning (dest): name{cite.2014.S} has been referenced but does not exist
, replaced by a fixed one

pdfTeX warning (dest): name{cite.1995.Kruchten} has been referenced but does no
t exist, replaced by a fixed one

pdfTeX warning (dest): name{cite.2015.csv} has been referenced but does not exi
st, replaced by a fixed one

pdfTeX warning (dest): name{cite.1979.Reenskaug2} has been referenced but does 
not exist, replaced by a fixed one

pdfTeX warning (dest): name{cite.1979.Reenskaug} has been referenced but does n
ot exist, replaced by a fixed one

pdfTeX warning (dest): name{cite.1943.Rosenblueth} has been referenced but does
 not exist, replaced by a fixed one

pdfTeX warning (dest): name{cite.2009.Wilson} has been referenced but does not 
exist, replaced by a fixed one

pdfTeX warning (dest): name{cite.2011.Ayuke} has been referenced but does not e
xist, replaced by a fixed one

pdfTeX warning (dest): name{cite.2011.Alcaraz} has been referenced but does not
 exist, replaced by a fixed one

pdfTeX warning (dest): name{cite.2014.Blasius} has been referenced but does not
 exist, replaced by a fixed one

pdfTeX warning (dest): name{cite.2011.McCune} has been referenced but does not 
exist, replaced by a fixed one

pdfTeX warning (dest): name{cite.2010.Kneitel} has been referenced but does not
 exist, replaced by a fixed one

pdfTeX warning (dest): name{cite.2014.Past} has been referenced but does not ex
ist, replaced by a fixed one

pdfTeX warning (dest): name{cite.2001.Hammer} has been referenced but does not 
exist, replaced by a fixed one

pdfTeX warning (dest): name{cite.2014.SYNCSA_R} has been referenced but does no
t exist, replaced by a fixed one

pdfTeX warning (dest): name{cite.2013.Carboni} has been referenced but does not
 exist, replaced by a fixed one

pdfTeX warning (dest): name{cite.2010.Cruz} has been referenced but does not ex
ist, replaced by a fixed one

pdfTeX warning (dest): name{cite.2014.RStudio} has been referenced but does not
 exist, replaced by a fixed one

pdfTeX warning (dest): name{cite.2012.Debastiani} has been referenced but does 
not exist, replaced by a fixed one

pdfTeX warning (dest): name{cite.2002.Bonnet} has been referenced but does not 
exist, replaced by a fixed one

pdfTeX warning (dest): name{cite.2006.Polzehl} has been referenced but does not
 exist, replaced by a fixed one

pdfTeX warning (dest): name{cite.2011.Roelstraete} has been referenced but does
 not exist, replaced by a fixed one

pdfTeX warning (dest): name{cite.2014.PC-ORD} has been referenced but does not 
exist, replaced by a fixed one

pdfTeX warning (dest): name{cite.1992.Ter} has been referenced but does not exi
st, replaced by a fixed one

pdfTeX warning (dest): name{cite.2014.SYNCSA} has been referenced but does not 
exist, replaced by a fixed one

pdfTeX warning (dest): name{cite.2013.Mazancourt} has been referenced but does 
not exist, replaced by a fixed one

pdfTeX warning (dest): name{cite.2003.Pugesek} has been referenced but does not
 exist, replaced by a fixed one

pdfTeX warning (dest): name{cite.2013.Walker} has been referenced but does not 
exist, replaced by a fixed one

pdfTeX warning (dest): name{cite.2007.Arhonditsis} has been referenced but does
 not exist, replaced by a fixed one

pdfTeX warning (dest): name{cite.2009.Shipley} has been referenced but does not
 exist, replaced by a fixed one

pdfTeX warning (dest): name{cite.1995.Gotelli} has been referenced but does not
 exist, replaced by a fixed one

pdfTeX warning (dest): name{cite.2009.Kaffer} has been referenced but does not 
exist, replaced by a fixed one

pdfTeX warning (dest): name{cite.1992.Marcelli} has been referenced but does no
t exist, replaced by a fixed one

pdfTeX warning (dest): name{cite.2008.Jeon} has been referenced but does not ex
ist, replaced by a fixed one

pdfTeX warning (dest): name{cite.2000.DaSilva} has been referenced but does not
 exist, replaced by a fixed one

pdfTeX warning (dest): name{cite.2010.Hepp} has been referenced but does not ex
ist, replaced by a fixed one

pdfTeX warning (dest): name{cite.2004.Gentleman} has been referenced but does n
ot exist, replaced by a fixed one

pdfTeX warning (dest): name{cite.2012.Kosicki} has been referenced but does not
 exist, replaced by a fixed one

pdfTeX warning (dest): name{cite.2002.McCune} has been referenced but does not 
exist, replaced by a fixed one

pdfTeX warning (dest): name{cite.1996.Pillar} has been referenced but does not 
exist, replaced by a fixed one

pdfTeX warning (dest): name{cite.2012.Legendre} has been referenced but does no
t exist, replaced by a fixed one

pdfTeX warning (dest): name{cite.2014.Statistica} has been referenced but does 
not exist, replaced by a fixed one

pdfTeX warning (dest): name{cite.2014.Canoco} has been referenced but does not 
exist, replaced by a fixed one

pdfTeX warning (dest): name{cite.2014.R} has been referenced but does not exist
, replaced by a fixed one

pdfTeX warning (dest): name{cite.2014.Multiv} has been referenced but does not 
exist, replaced by a fixed one

pdfTeX warning (dest): name{cite.2014.SPSS} has been referenced but does not ex
ist, replaced by a fixed one

pdfTeX warning (dest): name{cite.2014.SmartPLS} has been referenced but does no
t exist, replaced by a fixed one

pdfTeX warning (dest): name{cite.2012.Koch} has been referenced but does not ex
ist, replaced by a fixed one

pdfTeX warning (dest): name{cite.2013.Lavorel} has been referenced but does not
 exist, replaced by a fixed one

pdfTeX warning (dest): name{cite.1991.Ellenberg} has been referenced but does n
ot exist, replaced by a fixed one

pdfTeX warning (dest): name{cite.2008.Plata} has been referenced but does not e
xist, replaced by a fixed one

pdfTeX warning (dest): name{cite.2001.Conti} has been referenced but does not e
xist, replaced by a fixed one

pdfTeX warning (dest): name{cite.2003.Markert} has been referenced but does not
 exist, replaced by a fixed one

{/usr/local/texlive/2013/texmf-dist/fonts/enc/dvips/base/8r.enc}</usr/local/tex
live/2013/texmf-dist/fonts/type1/public/amsfonts/cm/cmmi12.pfb></usr/local/texl
ive/2013/texmf-dist/fonts/type1/public/amsfonts/cm/cmr12.pfb></usr/local/texliv
e/2013/texmf-dist/fonts/type1/public/amsfonts/cm/cmr8.pfb></usr/local/texlive/2
013/texmf-dist/fonts/type1/public/amsfonts/cm/cmsy10.pfb></usr/local/texlive/20
13/texmf-dist/fonts/type1/urw/courier/ucrr8a.pfb></usr/local/texlive/2013/texmf
-dist/fonts/type1/urw/helvetic/uhvb8a.pfb></usr/local/texlive/2013/texmf-dist/f
onts/type1/urw/helvetic/uhvr8a.pfb></usr/local/texlive/2013/texmf-dist/fonts/ty
pe1/urw/times/utmb8a.pfb></usr/local/texlive/2013/texmf-dist/fonts/type1/urw/ti
mes/utmr8a.pfb></usr/local/texlive/2013/texmf-dist/fonts/type1/urw/times/utmri8
a.pfb>
Output written on Rodrigo_Buhler_Dissertacao_v6.00.pdf (88 pages, 1233646 bytes
).
PDF statistics:
 1367 PDF objects out of 1440 (max. 8388607)
 1189 compressed objects within 12 object streams
 274 named destinations out of 1000 (max. 500000)
 669 words of extra memory for PDF output out of 10000 (max. 10000000)

